<?xml version="1.0" encoding="UTF-8"?>
<coverage generated="1700814054835" clover="3.2.0">
  <project timestamp="1700814054835" name="All files">
    <metrics statements="49" coveredstatements="26" conditionals="68" coveredconditionals="28" methods="12" coveredmethods="6" elements="129" coveredelements="60" complexity="0" loc="49" ncloc="49" packages="4" files="6" classes="6"/>
    <package name="src">
      <metrics statements="12" coveredstatements="0" conditionals="24" coveredconditionals="0" methods="4" coveredmethods="0"/>
      <file name="index.ts" path="D:\DOCUMENTS\PERSONAL-PROJECTS\LIBRARIES\react-library-typescript\src\index.ts">
        <metrics statements="12" coveredstatements="0" conditionals="24" coveredconditionals="0" methods="4" coveredmethods="0"/>
        <line num="2" count="0" type="cond" truecount="0" falsecount="5"/>
        <line num="3" count="0" type="cond" truecount="0" falsecount="2"/>
        <line num="4" count="0" type="stmt"/>
        <line num="5" count="0" type="cond" truecount="0" falsecount="8"/>
        <line num="6" count="0" type="stmt"/>
        <line num="8" count="0" type="stmt"/>
        <line num="10" count="0" type="cond" truecount="0" falsecount="2"/>
        <line num="11" count="0" type="stmt"/>
        <line num="13" count="0" type="cond" truecount="0" falsecount="3"/>
        <line num="14" count="0" type="cond" truecount="0" falsecount="4"/>
        <line num="16" count="0" type="stmt"/>
        <line num="17" count="0" type="stmt"/>
      </file>
    </package>
    <package name="src.components">
      <metrics statements="13" coveredstatements="11" conditionals="24" coveredconditionals="16" methods="4" coveredmethods="3"/>
      <file name="index.ts" path="D:\DOCUMENTS\PERSONAL-PROJECTS\LIBRARIES\react-library-typescript\src\components\index.ts">
        <metrics statements="13" coveredstatements="11" conditionals="24" coveredconditionals="16" methods="4" coveredmethods="3"/>
        <line num="2" count="1" type="cond" truecount="4" falsecount="1"/>
        <line num="3" count="2" type="cond" truecount="1" falsecount="1"/>
        <line num="4" count="2" type="stmt"/>
        <line num="5" count="2" type="cond" truecount="5" falsecount="3"/>
        <line num="6" count="2" type="stmt"/>
        <line num="8" count="2" type="stmt"/>
        <line num="10" count="0" type="cond" truecount="0" falsecount="2"/>
        <line num="11" count="0" type="stmt"/>
        <line num="13" count="1" type="cond" truecount="3" falsecount="0"/>
        <line num="14" count="2" type="cond" truecount="3" falsecount="1"/>
        <line num="16" count="1" type="stmt"/>
        <line num="17" count="1" type="stmt"/>
        <line num="18" count="1" type="stmt"/>
      </file>
    </package>
    <package name="src.components.button">
      <metrics statements="15" coveredstatements="7" conditionals="13" coveredconditionals="6" methods="2" coveredmethods="1"/>
      <file name="button.ts" path="D:\DOCUMENTS\PERSONAL-PROJECTS\LIBRARIES\react-library-typescript\src\components\button\button.ts">
        <metrics statements="1" coveredstatements="0" conditionals="0" coveredconditionals="0" methods="0" coveredmethods="0"/>
        <line num="2" count="0" type="stmt"/>
      </file>
      <file name="index.tsx" path="D:\DOCUMENTS\PERSONAL-PROJECTS\LIBRARIES\react-library-typescript\src\components\button\index.tsx">
        <metrics statements="14" coveredstatements="7" conditionals="13" coveredconditionals="6" methods="2" coveredmethods="1"/>
        <line num="2" count="1" type="cond" truecount="3" falsecount="0"/>
        <line num="3" count="1" type="cond" truecount="3" falsecount="1"/>
        <line num="5" count="1" type="stmt"/>
        <line num="6" count="1" type="stmt"/>
        <line num="7" count="1" type="stmt"/>
        <line num="8" count="1" type="stmt"/>
        <line num="9" count="0" type="stmt"/>
        <line num="10" count="0" type="cond" truecount="0" falsecount="2"/>
        <line num="11" count="0" type="cond" truecount="0" falsecount="2"/>
        <line num="12" count="0" type="stmt"/>
        <line num="13" count="0" type="cond" truecount="0" falsecount="2"/>
        <line num="14" count="0" type="stmt"/>
        <line num="15" count="0" type="stmt"/>
        <line num="17" count="1" type="stmt"/>
      </file>
    </package>
    <package name="src.components.input">
      <metrics statements="9" coveredstatements="8" conditionals="7" coveredconditionals="6" methods="2" coveredmethods="2"/>
      <file name="index.tsx" path="D:\DOCUMENTS\PERSONAL-PROJECTS\LIBRARIES\react-library-typescript\src\components\input\index.tsx">
        <metrics statements="8" coveredstatements="8" conditionals="7" coveredconditionals="6" methods="2" coveredmethods="2"/>
        <line num="2" count="1" type="cond" truecount="3" falsecount="0"/>
        <line num="3" count="1" type="cond" truecount="3" falsecount="1"/>
        <line num="5" count="1" type="stmt"/>
        <line num="6" count="1" type="stmt"/>
        <line num="7" count="1" type="stmt"/>
        <line num="8" count="1" type="stmt"/>
        <line num="9" count="1" type="stmt"/>
        <line num="11" count="1" type="stmt"/>
      </file>
      <file name="input.ts" path="D:\DOCUMENTS\PERSONAL-PROJECTS\LIBRARIES\react-library-typescript\src\components\input\input.ts">
        <metrics statements="1" coveredstatements="0" conditionals="0" coveredconditionals="0" methods="0" coveredmethods="0"/>
        <line num="2" count="0" type="stmt"/>
      </file>
    </package>
  </project>
</coverage>
